<?xml version="1.0" encoding="utf-8" standalone="no"?>
<!--This file represents the results of running a test suite-->
<test-results name="C:\Documents and Settings\van_suong\Desktop\BUSTest\Unit_TestGroup14\BUSTest\bin\Debug\BUSTest.dll" total="1" errors="1" failures="0" not-run="0" inconclusive="0" ignored="0" skipped="0" invalid="0" date="2010-05-15" time="23:04:18">
  <environment nunit-version="2.5.4.10098" clr-version="2.0.50727.3053" os-version="Microsoft Windows NT 5.1.2600 Service Pack 3" platform="Win32NT" cwd="C:\Documents and Settings\van_suong\Desktop\BUSTest\Unit_TestGroup14\BUSTest\bin\Debug" machine-name="VAN_SUONG" user="van_suong" user-domain="VAN_SUONG" />
  <culture-info current-culture="en-US" current-uiculture="en-US" />
  <test-suite type="Assembly" name="C:\Documents and Settings\van_suong\Desktop\BUSTest\Unit_TestGroup14\BUSTest\bin\Debug\BUSTest.dll" executed="True" result="Failure" success="False" time="0.000" asserts="0">
    <results>
      <test-suite type="Namespace" name="BUSTest" executed="True" result="Failure" success="False" time="0.000" asserts="0">
        <results>
          <test-suite type="TestFixture" name="ChuongBUSTests" executed="True" result="Failure" success="False" time="0.000" asserts="0">
            <results>
              <test-case name="BUSTest.ChuongBUSTests.selectChuongByIDMonHocTest" executed="True" result="Error" success="False" time="0.000" asserts="1">
                <failure>
                  <message><![CDATA[System.InvalidCastException : Return argument has an invalid type.]]></message>
                  <stack-trace><![CDATA[at System.Runtime.Remoting.Proxies.RealProxy.ValidateReturnArg(Object arg, Type paramType)
at System.Runtime.Remoting.Proxies.RealProxy.PropagateOutParameters(IMessage msg, Object[] outArgs, Object returnValue)
at System.Runtime.Remoting.Proxies.RealProxy.HandleReturnMessage(IMessage reqMsg, IMessage retMsg)
at System.Runtime.Remoting.Proxies.RealProxy.PrivateInvoke(MessageData& msgData, Int32 type)
at BUSTest.IChuongDAO.selectChuongByIDMonHoc(Int32 IDMonHoc)
at BUSTest.ChuongBUSMock.selectChuongByIDMonHoc(Int32 IDMonHoc) in C:\Documents and Settings\van_suong\Desktop\BUSTest\Unit_TestGroup14\BUSTest\BUSMock\ChuongBUSMock.cs:line 60
at BUSTest.ChuongBUSTests.selectChuongByIDMonHocTest() in C:\Documents and Settings\van_suong\Desktop\BUSTest\Unit_TestGroup14\BUSTest\BUSTest\ChuongBUSTests.cs:line 57
]]></stack-trace>
                </failure>
              </test-case>
            </results>
          </test-suite>
        </results>
      </test-suite>
    </results>
  </test-suite>
</test-results>